{"numTotalTestSuites":2,"numPassedTestSuites":2,"numFailedTestSuites":0,"numPendingTestSuites":0,"numTotalTests":6,"numPassedTests":6,"numFailedTests":0,"numPendingTests":0,"numTodoTests":0,"snapshot":{"added":0,"failure":false,"filesAdded":0,"filesRemoved":0,"filesRemovedList":[],"filesUnmatched":0,"filesUpdated":0,"matched":0,"total":0,"unchecked":0,"uncheckedKeysByFile":[],"unmatched":0,"updated":0,"didUpdate":false},"startTime":1777225290791,"success":true,"testResults":[{"assertionResults":[{"ancestorTitles":["formatMoney"],"fullName":"formatMoney форматирует целое число","status":"passed","title":"форматирует целое число","duration":4.32696199999998,"failureMessages":[],"meta":{},"tags":[]},{"ancestorTitles":["formatMoney"],"fullName":"formatMoney добавляет ноль после запятой","status":"passed","title":"добавляет ноль после запятой","duration":0.5531229999999709,"failureMessages":[],"meta":{},"tags":[]},{"ancestorTitles":["formatMoney"],"fullName":"formatMoney округляет по правилам toFixed","status":"passed","title":"округляет по правилам toFixed","duration":0.4656500000000392,"failureMessages":[],"meta":{},"tags":[]},{"ancestorTitles":["formatMoney"],"fullName":"formatMoney работает с нулём","status":"passed","title":"работает с нулём","duration":0.43632500000001073,"failureMessages":[],"meta":{},"tags":[]},{"ancestorTitles":["formatMoney"],"fullName":"formatMoney обрабатывает отрицательные числа","status":"passed","title":"обрабатывает отрицательные числа","duration":0.75719399999997,"failureMessages":[],"meta":{},"tags":[]},{"ancestorTitles":["formatMoney"],"fullName":"formatMoney обрабатывает большие числа","status":"passed","title":"обрабатывает большие числа","duration":0.41468500000001995,"failureMessages":[],"meta":{},"tags":[]}],"startTime":1777225291167,"endTime":1777225291174.4148,"status":"passed","message":"","name":"/home/went/VSCode/JSTrainee/tests/formatMoney.test.js"}]}